2018-05-21 11:01:51,008 DEBUG                                          [${ctx:reqRef}] [REST] => Loading appzillon-server_commons.properties.
2018-05-21 11:01:51,163 DEBUG                                          [${ctx:reqRef}] Properties path in propertyUtils :
2018-05-21 11:01:51,167 DEBUG                                          [${ctx:reqRef}] Properties file name found : java.io.ByteArrayInputStream@4aacdd37
2018-05-21 11:01:51,167 DEBUG                                          [${ctx:reqRef}] [REST] => propertyutils intialized for app id : commons
2018-05-21 11:01:51,168 DEBUG c.i.a.s.RSACryptoUtils                   [${ctx:reqRef}] [RESTFull Services] => Encryption Required :N Encryption flag in http request object: null
2018-05-21 11:01:51,175 DEBUG                                          [${ctx:reqRef}] [REST] => Loading appzillon-server_jsonse.properties.
2018-05-21 11:01:51,175 DEBUG                                          [${ctx:reqRef}] Properties path in propertyUtils :
2018-05-21 11:01:51,179 DEBUG                                          [${ctx:reqRef}] Properties file name found : java.io.ByteArrayInputStream@383c44d5
2018-05-21 11:01:51,179 DEBUG                                          [${ctx:reqRef}] [REST] => propertyutils intialized for app id : jsonse
2018-05-21 11:01:51,179 DEBUG c.i.a.s.RSACryptoUtils                   [${ctx:reqRef}] [RESTFull Services] => replayAttackFlag for request:null
2018-05-21 11:01:51,263 DEBUG c.i.a.s.RSACryptoUtils                   [${ctx:reqRef}] [RESTFull Services] => Decrypted inputString:{"appzillonHeader":{"screenId":"","async":false,"os":"SIMULATOR","requestId":"CSNONCE","origination":"127.0.0.1","appId":"jsonse","sessionId":null,"source":"APPZILLON","interfaceId":"appzillonGetAppSecTokens","deviceId":"SIMULATOR","userId":null,"status":true},"appzillonBody":{"appzillonGetAppSecTokensRequest":{"appId":"jsonse","deviceId":"23F414BEA107B38DB5F7EDFC42BE770F"}}}
2018-05-21 11:01:58,782 DEBUG                                          [${ctx:reqRef}] [REST] => Loading appzillon-server_commons.properties.
2018-05-21 11:01:58,794 DEBUG                                          [${ctx:reqRef}] [REST] => Property utils for this commons app id is already intialized
2018-05-21 11:01:58,795 DEBUG c.i.a.s.RSACryptoUtils                   [${ctx:reqRef}] [RESTFull Services] => Encryption Required :N Encryption flag in http request object: null
2018-05-21 11:01:58,795 DEBUG                                          [${ctx:reqRef}] [REST] => Loading appzillon-server_jsonse.properties.
2018-05-21 11:01:58,796 DEBUG                                          [${ctx:reqRef}] [REST] => Property utils for this jsonse app id is already intialized
2018-05-21 11:01:58,796 DEBUG c.i.a.s.RSACryptoUtils                   [${ctx:reqRef}] [RESTFull Services] => replayAttackFlag for request:null
2018-05-21 11:01:58,796 DEBUG c.i.a.s.RSACryptoUtils                   [${ctx:reqRef}] [RESTFull Services] => Decrypted inputString:{"appzillonQop":"3ce712b726bbcdec2603d61fdf0923cebdfb2f61d9ae8de9db6aa806d09bf6c2","appzillonHeader":{"os":"WEB","requestKey":"","sessionId":null,"source":"APPZILLON","deviceId":"WEB","userId":null,"async":"true","requestId":"PROC_2","origination":"127.0.0.1","appId":"jsonse","clientNonce":"WTWdGfAXzB","sessionToken":"MjNGNDE0QkVBMTA3QjM4REI1RjdFREZDNDJCRTc3MEZ+anNvbnNl","interfaceId":"jsonse__Customer","serverNonce":"IuiAIIGfLiKf4FZqWf8NONqP1526880711943","status":true},"appzillonBody":{}}
2018-05-21 11:02:43,747 DEBUG                                          [${ctx:reqRef}] [REST] => Loading appzillon-server_commons.properties.
2018-05-21 11:02:43,754 DEBUG                                          [${ctx:reqRef}] [REST] => Property utils for this commons app id is already intialized
2018-05-21 11:02:43,754 DEBUG c.i.a.s.RSACryptoUtils                   [${ctx:reqRef}] [RESTFull Services] => Encryption Required :N Encryption flag in http request object: null
2018-05-21 11:02:43,755 DEBUG                                          [${ctx:reqRef}] [REST] => Loading appzillon-server_jsonse.properties.
2018-05-21 11:02:43,755 DEBUG                                          [${ctx:reqRef}] [REST] => Property utils for this jsonse app id is already intialized
2018-05-21 11:02:43,755 DEBUG c.i.a.s.RSACryptoUtils                   [${ctx:reqRef}] [RESTFull Services] => replayAttackFlag for request:null
2018-05-21 11:02:43,755 DEBUG c.i.a.s.RSACryptoUtils                   [${ctx:reqRef}] [RESTFull Services] => Decrypted inputString:{"appzillonHeader":{"screenId":"","async":false,"os":"SIMULATOR","requestId":"CSNONCE","origination":"127.0.0.1","appId":"jsonse","sessionId":null,"source":"APPZILLON","interfaceId":"appzillonGetAppSecTokens","deviceId":"SIMULATOR","userId":null,"status":true},"appzillonBody":{"appzillonGetAppSecTokensRequest":{"appId":"jsonse","deviceId":"8FC4502EF79DBC766FAAEA1B86CFF8DC"}}}
2018-05-21 11:03:10,330 DEBUG                                          [1526880711558347552724] [REST] => Loading appzillon-server_commons.properties.
2018-05-21 11:03:10,332 DEBUG                                          [1526880711558347552724] [REST] => Property utils for this commons app id is already intialized
2018-05-21 11:03:10,332 DEBUG c.i.a.s.RSACryptoUtils                   [1526880711558347552724] [RESTFull Services] => Encryption Required :N Encryption flag in http request object: null
2018-05-21 11:03:10,333 DEBUG                                          [1526880711558347552724] [REST] => Loading appzillon-server_jsonse.properties.
2018-05-21 11:03:10,333 DEBUG                                          [1526880711558347552724] [REST] => Property utils for this jsonse app id is already intialized
2018-05-21 11:03:10,333 DEBUG c.i.a.s.RSACryptoUtils                   [1526880711558347552724] [RESTFull Services] => replayAttackFlag for request:null
2018-05-21 11:03:10,334 DEBUG c.i.a.s.RSACryptoUtils                   [1526880711558347552724] [RESTFull Services] => Decrypted inputString:{"appzillonQop":"5bf1716739aa8df10174b16e2da93e76672e93ac026b3a71f1726bc722028ec0","appzillonHeader":{"os":"WEB","requestKey":"","sessionId":null,"source":"APPZILLON","deviceId":"WEB","userId":null,"async":"true","requestId":"PROC_2","origination":"127.0.0.1","appId":"jsonse","clientNonce":"crWsFNFyaw","sessionToken":"OEZDNDUwMkVGNzlEQkM3NjZGQUFFQTFCODZDRkY4REN+anNvbnNl","interfaceId":"jsonse__Customer","serverNonce":"AFB6o1ZeP5spOzWZKSq0XYW61526880763777","status":true},"appzillonBody":{}}
2018-05-21 12:20:19,697 DEBUG                                          [${ctx:reqRef}] [REST] => Loading appzillon-server_commons.properties.
2018-05-21 12:20:19,706 DEBUG                                          [${ctx:reqRef}] Properties path in propertyUtils :
2018-05-21 12:20:19,709 DEBUG                                          [${ctx:reqRef}] Properties file name found : java.io.ByteArrayInputStream@7702cdc9
2018-05-21 12:20:19,710 DEBUG                                          [${ctx:reqRef}] [REST] => propertyutils intialized for app id : commons
2018-05-21 12:20:19,710 DEBUG c.i.a.s.RSACryptoUtils                   [${ctx:reqRef}] [RESTFull Services] => Encryption Required :N Encryption flag in http request object: null
2018-05-21 12:20:19,715 DEBUG                                          [${ctx:reqRef}] [REST] => Loading appzillon-server_jsonse.properties.
2018-05-21 12:20:19,715 DEBUG                                          [${ctx:reqRef}] Properties path in propertyUtils :
2018-05-21 12:20:19,720 DEBUG                                          [${ctx:reqRef}] Properties file name found : java.io.ByteArrayInputStream@1f60974e
2018-05-21 12:20:19,720 DEBUG                                          [${ctx:reqRef}] [REST] => propertyutils intialized for app id : jsonse
2018-05-21 12:20:19,721 DEBUG c.i.a.s.RSACryptoUtils                   [${ctx:reqRef}] [RESTFull Services] => replayAttackFlag for request:null
2018-05-21 12:20:19,742 DEBUG c.i.a.s.RSACryptoUtils                   [${ctx:reqRef}] [RESTFull Services] => Decrypted inputString:{"appzillonHeader":{"screenId":"","async":false,"os":"SIMULATOR","requestId":"CSNONCE","origination":"127.0.0.1","appId":"jsonse","sessionId":null,"source":"APPZILLON","interfaceId":"appzillonGetAppSecTokens","deviceId":"SIMULATOR","userId":null,"status":true},"appzillonBody":{"appzillonGetAppSecTokensRequest":{"appId":"jsonse","deviceId":"44DB3D1ECAE64364A9F61095E1B7A63F"}}}
2018-05-21 12:20:22,842 DEBUG                                          [${ctx:reqRef}] [REST] => Loading appzillon-server_commons.properties.
2018-05-21 12:20:22,849 DEBUG                                          [${ctx:reqRef}] [REST] => Property utils for this commons app id is already intialized
2018-05-21 12:20:22,849 DEBUG c.i.a.s.RSACryptoUtils                   [${ctx:reqRef}] [RESTFull Services] => Encryption Required :N Encryption flag in http request object: null
2018-05-21 12:20:22,850 DEBUG                                          [${ctx:reqRef}] [REST] => Loading appzillon-server_jsonse.properties.
2018-05-21 12:20:22,850 DEBUG                                          [${ctx:reqRef}] [REST] => Property utils for this jsonse app id is already intialized
2018-05-21 12:20:22,850 DEBUG c.i.a.s.RSACryptoUtils                   [${ctx:reqRef}] [RESTFull Services] => replayAttackFlag for request:null
2018-05-21 12:20:22,850 DEBUG c.i.a.s.RSACryptoUtils                   [${ctx:reqRef}] [RESTFull Services] => Decrypted inputString:{"appzillonQop":"218e76b503db6781623d5253fc99566e2c44e2b51888d2fd385ea5b21c99e8a7","appzillonHeader":{"os":"WEB","requestKey":"","sessionId":null,"source":"APPZILLON","deviceId":"WEB","userId":null,"async":"true","requestId":"PROC_2","origination":"127.0.0.1","appId":"jsonse","clientNonce":"futEBNVfSO","sessionToken":"NDREQjNEMUVDQUU2NDM2NEE5RjYxMDk1RTFCN0E2M0Z+anNvbnNl","interfaceId":"jsonse__Customer","serverNonce":"HsrHfCCWEGrn8XfKg5ocRknY1526885420015","status":true},"appzillonBody":{}}
2018-05-21 12:23:18,012 DEBUG                                          [${ctx:reqRef}] [REST] => Loading appzillon-server_commons.properties.
2018-05-21 12:23:18,019 DEBUG                                          [${ctx:reqRef}] Properties path in propertyUtils :
2018-05-21 12:23:18,023 DEBUG                                          [${ctx:reqRef}] Properties file name found : java.io.ByteArrayInputStream@76c0a5ba
2018-05-21 12:23:18,023 DEBUG                                          [${ctx:reqRef}] [REST] => propertyutils intialized for app id : commons
2018-05-21 12:23:18,023 DEBUG c.i.a.s.RSACryptoUtils                   [${ctx:reqRef}] [RESTFull Services] => Encryption Required :N Encryption flag in http request object: null
2018-05-21 12:23:18,031 DEBUG                                          [${ctx:reqRef}] [REST] => Loading appzillon-server_jsonse.properties.
2018-05-21 12:23:18,032 DEBUG                                          [${ctx:reqRef}] Properties path in propertyUtils :
2018-05-21 12:23:18,034 DEBUG                                          [${ctx:reqRef}] Properties file name found : java.io.ByteArrayInputStream@4e033ee3
2018-05-21 12:23:18,034 DEBUG                                          [${ctx:reqRef}] [REST] => propertyutils intialized for app id : jsonse
2018-05-21 12:23:18,055 DEBUG c.i.a.s.RSACryptoUtils                   [${ctx:reqRef}] [RESTFull Services] => replayAttackFlag for request:null
2018-05-21 12:23:18,090 DEBUG c.i.a.s.RSACryptoUtils                   [${ctx:reqRef}] [RESTFull Services] => Decrypted inputString:{"appzillonHeader":{"screenId":"","async":false,"os":"SIMULATOR","requestId":"CSNONCE","origination":"127.0.0.1","appId":"jsonse","sessionId":null,"source":"APPZILLON","interfaceId":"appzillonGetAppSecTokens","deviceId":"SIMULATOR","userId":null,"status":true},"appzillonBody":{"appzillonGetAppSecTokensRequest":{"appId":"jsonse","deviceId":"D3D40D39BA4B2060D7A4ADC7EECEDFDB"}}}
2018-05-21 12:23:21,505 DEBUG                                          [${ctx:reqRef}] [REST] => Loading appzillon-server_commons.properties.
2018-05-21 12:23:21,511 DEBUG                                          [${ctx:reqRef}] [REST] => Property utils for this commons app id is already intialized
2018-05-21 12:23:21,512 DEBUG c.i.a.s.RSACryptoUtils                   [${ctx:reqRef}] [RESTFull Services] => Encryption Required :N Encryption flag in http request object: null
2018-05-21 12:23:21,512 DEBUG                                          [${ctx:reqRef}] [REST] => Loading appzillon-server_jsonse.properties.
2018-05-21 12:23:21,512 DEBUG                                          [${ctx:reqRef}] [REST] => Property utils for this jsonse app id is already intialized
2018-05-21 12:23:21,512 DEBUG c.i.a.s.RSACryptoUtils                   [${ctx:reqRef}] [RESTFull Services] => replayAttackFlag for request:null
2018-05-21 12:23:21,513 DEBUG c.i.a.s.RSACryptoUtils                   [${ctx:reqRef}] [RESTFull Services] => Decrypted inputString:{"appzillonQop":"26848abde7106b4d48c06fd73fc4af1dfd072ef42c4d5c877b7d4d6dbbaa4cdb","appzillonHeader":{"os":"WEB","requestKey":"","sessionId":null,"source":"APPZILLON","deviceId":"WEB","userId":null,"async":"true","requestId":"PROC_2","origination":"127.0.0.1","appId":"jsonse","clientNonce":"dxKqvHGyRh","sessionToken":"RDNENDBEMzlCQTRCMjA2MEQ3QTRBREM3RUVDRURGREJ+anNvbnNl","interfaceId":"jsonse__Customer","serverNonce":"vlMPPqKDuRMssn9IbLALWrnY1526885598382","status":true},"appzillonBody":{}}
2018-05-21 12:25:35,344 DEBUG                                          [${ctx:reqRef}] [REST] => Loading appzillon-server_commons.properties.
2018-05-21 12:25:35,350 DEBUG                                          [${ctx:reqRef}] Properties path in propertyUtils :
2018-05-21 12:25:35,352 DEBUG                                          [${ctx:reqRef}] Properties file name found : java.io.ByteArrayInputStream@577db8c9
2018-05-21 12:25:35,352 DEBUG                                          [${ctx:reqRef}] [REST] => propertyutils intialized for app id : commons
2018-05-21 12:25:35,357 DEBUG c.i.a.s.RSACryptoUtils                   [${ctx:reqRef}] [RESTFull Services] => Encryption Required :N Encryption flag in http request object: null
2018-05-21 12:25:35,362 DEBUG                                          [${ctx:reqRef}] [REST] => Loading appzillon-server_jsonse.properties.
2018-05-21 12:25:35,362 DEBUG                                          [${ctx:reqRef}] Properties path in propertyUtils :
2018-05-21 12:25:35,365 DEBUG                                          [${ctx:reqRef}] Properties file name found : java.io.ByteArrayInputStream@17eb9902
2018-05-21 12:25:35,365 DEBUG                                          [${ctx:reqRef}] [REST] => propertyutils intialized for app id : jsonse
2018-05-21 12:25:35,365 DEBUG c.i.a.s.RSACryptoUtils                   [${ctx:reqRef}] [RESTFull Services] => replayAttackFlag for request:null
2018-05-21 12:25:35,379 DEBUG c.i.a.s.RSACryptoUtils                   [${ctx:reqRef}] [RESTFull Services] => Decrypted inputString:{"appzillonHeader":{"screenId":"","async":false,"os":"SIMULATOR","requestId":"CSNONCE","origination":"127.0.0.1","appId":"jsonse","sessionId":null,"source":"APPZILLON","interfaceId":"appzillonGetAppSecTokens","deviceId":"SIMULATOR","userId":null,"status":true},"appzillonBody":{"appzillonGetAppSecTokensRequest":{"appId":"jsonse","deviceId":"481C55E8677C3AA28054E0A47E101321"}}}
2018-05-21 12:25:40,101 DEBUG                                          [${ctx:reqRef}] [REST] => Loading appzillon-server_commons.properties.
2018-05-21 12:25:40,108 DEBUG                                          [${ctx:reqRef}] [REST] => Property utils for this commons app id is already intialized
2018-05-21 12:25:40,108 DEBUG c.i.a.s.RSACryptoUtils                   [${ctx:reqRef}] [RESTFull Services] => Encryption Required :N Encryption flag in http request object: null
2018-05-21 12:25:40,109 DEBUG                                          [${ctx:reqRef}] [REST] => Loading appzillon-server_jsonse.properties.
2018-05-21 12:25:40,109 DEBUG                                          [${ctx:reqRef}] [REST] => Property utils for this jsonse app id is already intialized
2018-05-21 12:25:40,109 DEBUG c.i.a.s.RSACryptoUtils                   [${ctx:reqRef}] [RESTFull Services] => replayAttackFlag for request:null
2018-05-21 12:25:40,109 DEBUG c.i.a.s.RSACryptoUtils                   [${ctx:reqRef}] [RESTFull Services] => Decrypted inputString:{"appzillonQop":"f49c4a99b39446737a59398718b26c0c5577ef8267843dd5911dac9bb1427de0","appzillonHeader":{"os":"WEB","requestKey":"","sessionId":null,"source":"APPZILLON","deviceId":"WEB","userId":null,"async":"true","requestId":"PROC_2","origination":"127.0.0.1","appId":"jsonse","clientNonce":"QMTnMBcTng","sessionToken":"NDgxQzU1RTg2NzdDM0FBMjgwNTRFMEE0N0UxMDEzMjF+anNvbnNl","interfaceId":"jsonse__Customer","serverNonce":"IS00R0FM9juoaRXFqNQsE2Bu1526885735613","status":true},"appzillonBody":{}}
2018-05-21 12:32:43,810 DEBUG                                          [${ctx:reqRef}] [REST] => Loading appzillon-server_commons.properties.
2018-05-21 12:32:43,814 DEBUG                                          [${ctx:reqRef}] Properties path in propertyUtils :
2018-05-21 12:32:43,817 DEBUG                                          [${ctx:reqRef}] Properties file name found : java.io.ByteArrayInputStream@2490466f
2018-05-21 12:32:43,817 DEBUG                                          [${ctx:reqRef}] [REST] => propertyutils intialized for app id : commons
2018-05-21 12:32:43,818 DEBUG c.i.a.s.RSACryptoUtils                   [${ctx:reqRef}] [RESTFull Services] => Encryption Required :N Encryption flag in http request object: null
2018-05-21 12:32:43,826 DEBUG                                          [${ctx:reqRef}] [REST] => Loading appzillon-server_jsonse.properties.
2018-05-21 12:32:43,826 DEBUG                                          [${ctx:reqRef}] Properties path in propertyUtils :
2018-05-21 12:32:43,828 DEBUG                                          [${ctx:reqRef}] Properties file name found : java.io.ByteArrayInputStream@19bc41ae
2018-05-21 12:32:43,828 DEBUG                                          [${ctx:reqRef}] [REST] => propertyutils intialized for app id : jsonse
2018-05-21 12:32:43,828 DEBUG c.i.a.s.RSACryptoUtils                   [${ctx:reqRef}] [RESTFull Services] => replayAttackFlag for request:null
2018-05-21 12:32:43,846 DEBUG c.i.a.s.RSACryptoUtils                   [${ctx:reqRef}] [RESTFull Services] => Decrypted inputString:{"appzillonHeader":{"screenId":"","async":false,"os":"SIMULATOR","requestId":"CSNONCE","origination":"127.0.0.1","appId":"jsonse","sessionId":null,"source":"APPZILLON","interfaceId":"appzillonGetAppSecTokens","deviceId":"SIMULATOR","userId":null,"status":true},"appzillonBody":{"appzillonGetAppSecTokensRequest":{"appId":"jsonse","deviceId":"0BB4AB541B297E9AA0AC2552C4A12752"}}}
2018-05-21 12:33:07,627 DEBUG                                          [${ctx:reqRef}] [REST] => Loading appzillon-server_commons.properties.
2018-05-21 12:33:07,634 DEBUG                                          [${ctx:reqRef}] [REST] => Property utils for this commons app id is already intialized
2018-05-21 12:33:07,635 DEBUG c.i.a.s.RSACryptoUtils                   [${ctx:reqRef}] [RESTFull Services] => Encryption Required :N Encryption flag in http request object: null
2018-05-21 12:33:07,635 DEBUG                                          [${ctx:reqRef}] [REST] => Loading appzillon-server_jsonse.properties.
2018-05-21 12:33:07,636 DEBUG                                          [${ctx:reqRef}] [REST] => Property utils for this jsonse app id is already intialized
2018-05-21 12:33:07,636 DEBUG c.i.a.s.RSACryptoUtils                   [${ctx:reqRef}] [RESTFull Services] => replayAttackFlag for request:null
2018-05-21 12:33:07,636 DEBUG c.i.a.s.RSACryptoUtils                   [${ctx:reqRef}] [RESTFull Services] => Decrypted inputString:{"appzillonQop":"018a72c61f3e77ebde8e2371d207efa196913b9b73af333ce760f6cdaeb2390d","appzillonHeader":{"os":"WEB","requestKey":"","sessionId":null,"source":"APPZILLON","deviceId":"WEB","userId":null,"async":"true","requestId":"PROC_2","origination":"127.0.0.1","appId":"jsonse","clientNonce":"jUPRREtieO","sessionToken":"MEJCNEFCNTQxQjI5N0U5QUEwQUMyNTUyQzRBMTI3NTJ+anNvbnNl","interfaceId":"jsonse__Customer","serverNonce":"W8HJuc5zEHIw3ivPRrZhdFy51526886164125","status":true},"appzillonBody":{}}
2018-05-21 12:36:20,270 DEBUG                                          [${ctx:reqRef}] [REST] => Loading appzillon-server_commons.properties.
2018-05-21 12:36:20,278 DEBUG                                          [${ctx:reqRef}] Properties path in propertyUtils :
2018-05-21 12:36:20,280 DEBUG                                          [${ctx:reqRef}] Properties file name found : java.io.ByteArrayInputStream@5af2b6a
2018-05-21 12:36:20,281 DEBUG                                          [${ctx:reqRef}] [REST] => propertyutils intialized for app id : commons
2018-05-21 12:36:20,281 DEBUG c.i.a.s.RSACryptoUtils                   [${ctx:reqRef}] [RESTFull Services] => Encryption Required :N Encryption flag in http request object: null
2018-05-21 12:36:20,286 DEBUG                                          [${ctx:reqRef}] [REST] => Loading appzillon-server_jsonse.properties.
2018-05-21 12:36:20,286 DEBUG                                          [${ctx:reqRef}] Properties path in propertyUtils :
2018-05-21 12:36:20,288 DEBUG                                          [${ctx:reqRef}] Properties file name found : java.io.ByteArrayInputStream@3962b902
2018-05-21 12:36:20,288 DEBUG                                          [${ctx:reqRef}] [REST] => propertyutils intialized for app id : jsonse
2018-05-21 12:36:20,289 DEBUG c.i.a.s.RSACryptoUtils                   [${ctx:reqRef}] [RESTFull Services] => replayAttackFlag for request:null
2018-05-21 12:36:20,318 DEBUG c.i.a.s.RSACryptoUtils                   [${ctx:reqRef}] [RESTFull Services] => Decrypted inputString:{"appzillonHeader":{"screenId":"","async":false,"os":"SIMULATOR","requestId":"CSNONCE","origination":"127.0.0.1","appId":"jsonse","sessionId":null,"source":"APPZILLON","interfaceId":"appzillonGetAppSecTokens","deviceId":"SIMULATOR","userId":null,"status":true},"appzillonBody":{"appzillonGetAppSecTokensRequest":{"appId":"jsonse","deviceId":"ACEEEC48281C38DC7029CB62711BEF37"}}}
2018-05-21 12:36:23,922 DEBUG                                          [1526886380378296106842] [REST] => Loading appzillon-server_commons.properties.
2018-05-21 12:36:23,926 DEBUG                                          [1526886380378296106842] [REST] => Property utils for this commons app id is already intialized
2018-05-21 12:36:23,926 DEBUG c.i.a.s.RSACryptoUtils                   [1526886380378296106842] [RESTFull Services] => Encryption Required :N Encryption flag in http request object: null
2018-05-21 12:36:23,926 DEBUG                                          [1526886380378296106842] [REST] => Loading appzillon-server_jsonse.properties.
2018-05-21 12:36:23,927 DEBUG                                          [1526886380378296106842] [REST] => Property utils for this jsonse app id is already intialized
2018-05-21 12:36:23,927 DEBUG c.i.a.s.RSACryptoUtils                   [1526886380378296106842] [RESTFull Services] => replayAttackFlag for request:null
2018-05-21 12:36:23,927 DEBUG c.i.a.s.RSACryptoUtils                   [1526886380378296106842] [RESTFull Services] => Decrypted inputString:{"appzillonQop":"ecbc46142935744a8e147bb256a756acf1eeda22e84b8f3f668851b814f611be","appzillonHeader":{"os":"WEB","requestKey":"","sessionId":null,"source":"APPZILLON","deviceId":"WEB","userId":null,"async":"true","requestId":"PROC_2","origination":"127.0.0.1","appId":"jsonse","clientNonce":"kWsExMHKmS","sessionToken":"QUNFRUVDNDgyODFDMzhEQzcwMjlDQjYyNzExQkVGMzd+anNvbnNl","interfaceId":"jsonse__Customer","serverNonce":"u6gE36pp5twoE9vq0dNDTL6M1526886380754","status":true},"appzillonBody":{}}
2018-05-21 13:25:19,892 DEBUG                                          [${ctx:reqRef}] [REST] => Loading appzillon-server_commons.properties.
2018-05-21 13:25:19,899 DEBUG                                          [${ctx:reqRef}] Properties path in propertyUtils :
2018-05-21 13:25:19,901 DEBUG                                          [${ctx:reqRef}] Properties file name found : java.io.ByteArrayInputStream@ff50f55
2018-05-21 13:25:19,902 DEBUG                                          [${ctx:reqRef}] [REST] => propertyutils intialized for app id : commons
2018-05-21 13:25:19,902 DEBUG c.i.a.s.RSACryptoUtils                   [${ctx:reqRef}] [RESTFull Services] => Encryption Required :N Encryption flag in http request object: null
2018-05-21 13:25:19,906 DEBUG                                          [${ctx:reqRef}] [REST] => Loading appzillon-server_jsonse.properties.
2018-05-21 13:25:19,906 DEBUG                                          [${ctx:reqRef}] Properties path in propertyUtils :
2018-05-21 13:25:19,909 DEBUG                                          [${ctx:reqRef}] Properties file name found : java.io.ByteArrayInputStream@17d0cacf
2018-05-21 13:25:19,909 DEBUG                                          [${ctx:reqRef}] [REST] => propertyutils intialized for app id : jsonse
2018-05-21 13:25:19,910 DEBUG c.i.a.s.RSACryptoUtils                   [${ctx:reqRef}] [RESTFull Services] => replayAttackFlag for request:null
2018-05-21 13:25:19,930 DEBUG c.i.a.s.RSACryptoUtils                   [${ctx:reqRef}] [RESTFull Services] => Decrypted inputString:{"appzillonHeader":{"screenId":"","async":false,"os":"SIMULATOR","requestId":"CSNONCE","origination":"127.0.0.1","appId":"jsonse","sessionId":null,"source":"APPZILLON","interfaceId":"appzillonGetAppSecTokens","deviceId":"SIMULATOR","userId":null,"status":true},"appzillonBody":{"appzillonGetAppSecTokensRequest":{"appId":"jsonse","deviceId":"75CFB29A2BEFEE443F510F82074E6109"}}}
2018-05-21 13:25:47,326 DEBUG                                          [${ctx:reqRef}] [REST] => Loading appzillon-server_commons.properties.
2018-05-21 13:25:47,335 DEBUG                                          [${ctx:reqRef}] [REST] => Property utils for this commons app id is already intialized
2018-05-21 13:25:47,335 DEBUG c.i.a.s.RSACryptoUtils                   [${ctx:reqRef}] [RESTFull Services] => Encryption Required :N Encryption flag in http request object: null
2018-05-21 13:25:47,336 DEBUG                                          [${ctx:reqRef}] [REST] => Loading appzillon-server_jsonse.properties.
2018-05-21 13:25:47,336 DEBUG                                          [${ctx:reqRef}] [REST] => Property utils for this jsonse app id is already intialized
2018-05-21 13:25:47,336 DEBUG c.i.a.s.RSACryptoUtils                   [${ctx:reqRef}] [RESTFull Services] => replayAttackFlag for request:null
2018-05-21 13:25:47,337 DEBUG c.i.a.s.RSACryptoUtils                   [${ctx:reqRef}] [RESTFull Services] => Decrypted inputString:{"appzillonQop":"0ba28fb06624a9f9378ed4fbffa8f750cac4796ac7930ef45996ab5a509995d8","appzillonHeader":{"os":"WEB","requestKey":"","sessionId":null,"source":"APPZILLON","deviceId":"WEB","userId":null,"async":"true","requestId":"PROC_2","origination":"127.0.0.1","appId":"jsonse","clientNonce":"CoSVCvQlKR","sessionToken":"NzVDRkIyOUEyQkVGRUU0NDNGNTEwRjgyMDc0RTYxMDl+anNvbnNl","interfaceId":"jsonse__Customer","serverNonce":"a2nlamklmhYz9T63JkGshgKV1526889320272","status":true},"appzillonBody":{}}
